# JRE version: OpenJDK Runtime Environment (11.0.10) (build 11.0.10+0-b96-7249189)
# Java VM: OpenJDK 64-Bit Server VM (11.0.10+0-b96-7249189, mixed mode, tiered, compressed oops, g1 gc, windows-amd64)
Heap:
 garbage-first heap   total 310272K, used 143181K [0x0000000080000000, 0x0000000100000000)
  region size 1024K, 98 young (100352K), 16 survivors (16384K)
 Metaspace       used 79937K, capacity 81945K, committed 82172K, reserved 1120256K
  class space    used 10281K, capacity 11029K, committed 11136K, reserved 1048576K
GC Heap History (18 events):
Event: 0.455 GC heap before
{Heap before GC invocations=0 (full 0):
 garbage-first heap   total 258048K, used 29696K [0x0000000080000000, 0x0000000100000000)
  region size 1024K, 24 young (24576K), 0 survivors (0K)
 Metaspace       used 10714K, capacity 11004K, committed 11264K, reserved 1058816K
  class space    used 1132K, capacity 1200K, committed 1280K, reserved 1048576K
}
Event: 0.460 GC heap after
{Heap after GC invocations=1 (full 0):
 garbage-first heap   total 258048K, used 8573K [0x0000000080000000, 0x0000000100000000)
  region size 1024K, 3 young (3072K), 3 survivors (3072K)
 Metaspace       used 10714K, capacity 11004K, committed 11264K, reserved 1058816K
  class space    used 1132K, capacity 1200K, committed 1280K, reserved 1048576K
}
Event: 1.357 GC heap before
{Heap before GC invocations=1 (full 0):
 garbage-first heap   total 258048K, used 88445K [0x0000000080000000, 0x0000000100000000)
  region size 1024K, 82 young (83968K), 3 survivors (3072K)
 Metaspace       used 20636K, capacity 21074K, committed 21296K, reserved 1069056K
  class space    used 2427K, capacity 2573K, committed 2688K, reserved 1048576K
}
Event: 1.367 GC heap after
{Heap after GC invocations=2 (full 0):
 garbage-first heap   total 258048K, used 15692K [0x0000000080000000, 0x0000000100000000)
  region size 1024K, 10 young (10240K), 10 survivors (10240K)
 Metaspace       used 20636K, capacity 21074K, committed 21296K, reserved 1069056K
  class space    used 2427K, capacity 2573K, committed 2688K, reserved 1048576K
}
Event: 2.223 GC heap before
{Heap before GC invocations=3 (full 0):
 garbage-first heap   total 258048K, used 70988K [0x0000000080000000, 0x0000000100000000)
  region size 1024K, 64 young (65536K), 10 survivors (10240K)
 Metaspace       used 26933K, capacity 27563K, committed 27696K, reserved 1073152K
  class space    used 3461K, capacity 3679K, committed 3712K, reserved 1048576K
}
Event: 2.228 GC heap after
{Heap after GC invocations=4 (full 0):
 garbage-first heap   total 258048K, used 18279K [0x0000000080000000, 0x0000000100000000)
  region size 1024K, 3 young (3072K), 3 survivors (3072K)
 Metaspace       used 26933K, capacity 27563K, committed 27696K, reserved 1073152K
  class space    used 3461K, capacity 3679K, committed 3712K, reserved 1048576K
}
Event: 2.779 GC heap before
{Heap before GC invocations=4 (full 0):
 garbage-first heap   total 258048K, used 55143K [0x0000000080000000, 0x0000000100000000)
  region size 1024K, 41 young (41984K), 3 survivors (3072K)
 Metaspace       used 34866K, capacity 35623K, committed 35888K, reserved 1081344K
  class space    used 4451K, capacity 4706K, committed 4736K, reserved 1048576K
}
Event: 2.786 GC heap after
{Heap after GC invocations=5 (full 0):
 garbage-first heap   total 258048K, used 21011K [0x0000000080000000, 0x0000000100000000)
  region size 1024K, 6 young (6144K), 6 survivors (6144K)
 Metaspace       used 34866K, capacity 35623K, committed 35888K, reserved 1081344K
  class space    used 4451K, capacity 4706K, committed 4736K, reserved 1048576K
}
Event: 4.030 GC heap before
{Heap before GC invocations=6 (full 0):
 garbage-first heap   total 258048K, used 122387K [0x0000000080000000, 0x0000000100000000)
  region size 1024K, 102 young (104448K), 6 survivors (6144K)
 Metaspace       used 43096K, capacity 44058K, committed 44208K, reserved 1087488K
  class space    used 5516K, capacity 5867K, committed 5888K, reserved 1048576K
}
Event: 4.043 GC heap after
{Heap after GC invocations=7 (full 0):
 garbage-first heap   total 258048K, used 26474K [0x0000000080000000, 0x0000000100000000)
  region size 1024K, 11 young (11264K), 11 survivors (11264K)
 Metaspace       used 43096K, capacity 44058K, committed 44208K, reserved 1087488K
  class space    used 5516K, capacity 5867K, committed 5888K, reserved 1048576K
}
Event: 5.989 GC heap before
{Heap before GC invocations=7 (full 0):
 garbage-first heap   total 258048K, used 174954K [0x0000000080000000, 0x0000000100000000)
  region size 1024K, 151 young (154624K), 11 survivors (11264K)
 Metaspace       used 55675K, capacity 56949K, committed 57136K, reserved 1099776K
  class space    used 7049K, capacity 7517K, committed 7552K, reserved 1048576K
}
Event: 6.006 GC heap after
{Heap after GC invocations=8 (full 0):
 garbage-first heap   total 258048K, used 45368K [0x0000000080000000, 0x0000000100000000)
  region size 1024K, 19 young (19456K), 19 survivors (19456K)
 Metaspace       used 55675K, capacity 56949K, committed 57136K, reserved 1099776K
  class space    used 7049K, capacity 7517K, committed 7552K, reserved 1048576K
}
Event: 6.422 GC heap before
{Heap before GC invocations=8 (full 0):
 garbage-first heap   total 258048K, used 61752K [0x0000000080000000, 0x0000000100000000)
  region size 1024K, 36 young (36864K), 19 survivors (19456K)
 Metaspace       used 58610K, capacity 59928K, committed 60028K, reserved 1101824K
  class space    used 7378K, capacity 7893K, committed 7936K, reserved 1048576K
}
Event: 6.443 GC heap after
{Heap after GC invocations=9 (full 0):
 garbage-first heap   total 258048K, used 47438K [0x0000000080000000, 0x0000000100000000)
  region size 1024K, 3 young (3072K), 3 survivors (3072K)
 Metaspace       used 58610K, capacity 59928K, committed 60028K, reserved 1101824K
  class space    used 7378K, capacity 7893K, committed 7936K, reserved 1048576K
}
Event: 8.234 GC heap before
{Heap before GC invocations=10 (full 0):
 garbage-first heap   total 258048K, used 138574K [0x0000000080000000, 0x0000000100000000)
  region size 1024K, 92 young (94208K), 3 survivors (3072K)
 Metaspace       used 67214K, capacity 68803K, committed 68988K, reserved 1110016K
  class space    used 8598K, capacity 9188K, committed 9216K, reserved 1048576K
}
Event: 8.244 GC heap after
{Heap after GC invocations=11 (full 0):
 garbage-first heap   total 310272K, used 53221K [0x0000000080000000, 0x0000000100000000)
  region size 1024K, 8 young (8192K), 8 survivors (8192K)
 Metaspace       used 67214K, capacity 68803K, committed 68988K, reserved 1110016K
  class space    used 8598K, capacity 9188K, committed 9216K, reserved 1048576K
}
Event: 10.215 GC heap before
{Heap before GC invocations=11 (full 0):
 garbage-first heap   total 310272K, used 173029K [0x0000000080000000, 0x0000000100000000)
  region size 1024K, 125 young (128000K), 8 survivors (8192K)
 Metaspace       used 77321K, capacity 79191K, committed 79228K, reserved 1118208K
  class space    used 10001K, capacity 10719K, committed 10752K, reserved 1048576K
}
Event: 10.225 GC heap after
{Heap after GC invocations=12 (full 0):
 garbage-first heap   total 310272K, used 61261K [0x0000000080000000, 0x0000000100000000)
  region size 1024K, 16 young (16384K), 16 survivors (16384K)
 Metaspace       used 77321K, capacity 79191K, committed 79228K, reserved 1118208K
  class space    used 10001K, capacity 10719K, committed 10752K, reserved 1048576K
}

