# JRE version: OpenJDK Runtime Environment (8.0_302-b08) (build 1.8.0_302-b08)
# Java VM: OpenJDK 64-Bit Server VM (25.302-b08 mixed mode windows-amd64 compressed oops)
Heap:
 PSYoungGen      total 578560K, used 231909K [0x00000000d5580000, 0x00000000fc700000, 0x0000000100000000)
  eden space 547328K, 36% used [0x00000000d5580000,0x00000000e198cd28,0x00000000f6c00000)
  from space 31232K, 99% used [0x00000000fa880000,0x00000000fc6eca80,0x00000000fc700000)
  to   space 46080K, 0% used [0x00000000f6d00000,0x00000000f6d00000,0x00000000f9a00000)
 ParOldGen       total 660992K, used 70873K [0x0000000080000000, 0x00000000a8580000, 0x00000000d5580000)
  object space 660992K, 10% used [0x0000000080000000,0x00000000845366a8,0x00000000a8580000)
 Metaspace       used 139851K, capacity 147968K, committed 153240K, reserved 1183744K
  class space    used 17572K, capacity 18952K, committed 19880K, reserved 1048576K
GC Heap History (10 events):
Event: 5859.593 GC heap before
{Heap before GC invocations=75 (full 7):
 PSYoungGen      total 649216K, used 628117K [0x00000000d5580000, 0x0000000100000000, 0x0000000100000000)
  eden space 603648K, 100% used [0x00000000d5580000,0x00000000fa300000,0x00000000fa300000)
  from space 45568K, 53% used [0x00000000fce80000,0x00000000fe665440,0x00000000ffb00000)
  to   space 44544K, 0% used [0x00000000fa300000,0x00000000fa300000,0x00000000fce80000)
 ParOldGen       total 660992K, used 68135K [0x0000000080000000, 0x00000000a8580000, 0x00000000d5580000)
  object space 660992K, 10% used [0x0000000080000000,0x0000000084289f38,0x00000000a8580000)
 Metaspace       used 138882K, capacity 146846K, committed 147864K, reserved 1177600K
  class space    used 17546K, capacity 18917K, committed 19624K, reserved 1048576K
Event: 5859.604 GC heap after
Heap after GC invocations=75 (full 7):
 PSYoungGen      total 594944K, used 10662K [0x00000000d5580000, 0x00000000fe600000, 0x0000000100000000)
  eden space 584192K, 0% used [0x00000000d5580000,0x00000000d5580000,0x00000000f9000000)
  from space 10752K, 99% used [0x00000000fa300000,0x00000000fad698a0,0x00000000fad80000)
  to   space 44032K, 0% used [0x00000000fbb00000,0x00000000fbb00000,0x00000000fe600000)
 ParOldGen       total 660992K, used 68143K [0x0000000080000000, 0x00000000a8580000, 0x00000000d5580000)
  object space 660992K, 10% used [0x0000000080000000,0x000000008428bf38,0x00000000a8580000)
 Metaspace       used 138882K, capacity 146846K, committed 147864K, reserved 1177600K
  class space    used 17546K, capacity 18917K, committed 19624K, reserved 1048576K
}
Event: 6149.303 GC heap before
{Heap before GC invocations=76 (full 7):
 PSYoungGen      total 594944K, used 594854K [0x00000000d5580000, 0x00000000fe600000, 0x0000000100000000)
  eden space 584192K, 100% used [0x00000000d5580000,0x00000000f9000000,0x00000000f9000000)
  from space 10752K, 99% used [0x00000000fa300000,0x00000000fad698a0,0x00000000fad80000)
  to   space 44032K, 0% used [0x00000000fbb00000,0x00000000fbb00000,0x00000000fe600000)
 ParOldGen       total 660992K, used 68143K [0x0000000080000000, 0x00000000a8580000, 0x00000000d5580000)
  object space 660992K, 10% used [0x0000000080000000,0x000000008428bf38,0x00000000a8580000)
 Metaspace       used 144240K, capacity 152374K, committed 152984K, reserved 1181696K
  class space    used 18099K, capacity 19489K, committed 19880K, reserved 1048576K
Event: 6149.338 GC heap after
Heap after GC invocations=76 (full 7):
 PSYoungGen      total 593408K, used 27922K [0x00000000d5580000, 0x00000000fd680000, 0x0000000100000000)
  eden space 565248K, 0% used [0x00000000d5580000,0x00000000d5580000,0x00000000f7d80000)
  from space 28160K, 99% used [0x00000000fbb00000,0x00000000fd6449a0,0x00000000fd680000)
  to   space 44544K, 0% used [0x00000000f7f80000,0x00000000f7f80000,0x00000000fab00000)
 ParOldGen       total 660992K, used 68151K [0x0000000080000000, 0x00000000a8580000, 0x00000000d5580000)
  object space 660992K, 10% used [0x0000000080000000,0x000000008428df38,0x00000000a8580000)
 Metaspace       used 144240K, capacity 152374K, committed 152984K, reserved 1181696K
  class space    used 18099K, capacity 19489K, committed 19880K, reserved 1048576K
}
Event: 7706.703 GC heap before
{Heap before GC invocations=77 (full 7):
 PSYoungGen      total 593408K, used 533212K [0x00000000d5580000, 0x00000000fd680000, 0x0000000100000000)
  eden space 565248K, 89% used [0x00000000d5580000,0x00000000f42f28a8,0x00000000f7d80000)
  from space 28160K, 99% used [0x00000000fbb00000,0x00000000fd6449a0,0x00000000fd680000)
  to   space 44544K, 0% used [0x00000000f7f80000,0x00000000f7f80000,0x00000000fab00000)
 ParOldGen       total 660992K, used 68151K [0x0000000080000000, 0x00000000a8580000, 0x00000000d5580000)
  object space 660992K, 10% used [0x0000000080000000,0x000000008428df38,0x00000000a8580000)
 Metaspace       used 144466K, capacity 152638K, committed 153240K, reserved 1183744K
  class space    used 18112K, capacity 19511K, committed 19880K, reserved 1048576K
Event: 7706.713 GC heap after
Heap after GC invocations=77 (full 7):
 PSYoungGen      total 574976K, used 9291K [0x00000000d5580000, 0x00000000fd380000, 0x0000000100000000)
  eden space 565248K, 0% used [0x00000000d5580000,0x00000000d5580000,0x00000000f7d80000)
  from space 9728K, 95% used [0x00000000f7f80000,0x00000000f8892cc0,0x00000000f8900000)
  to   space 44032K, 0% used [0x00000000fa880000,0x00000000fa880000,0x00000000fd380000)
 ParOldGen       total 660992K, used 68159K [0x0000000080000000, 0x00000000a8580000, 0x00000000d5580000)
  object space 660992K, 10% used [0x0000000080000000,0x000000008428ff38,0x00000000a8580000)
 Metaspace       used 144466K, capacity 152638K, committed 153240K, reserved 1183744K
  class space    used 18112K, capacity 19511K, committed 19880K, reserved 1048576K
}
Event: 7706.713 GC heap before
{Heap before GC invocations=78 (full 8):
 PSYoungGen      total 574976K, used 9291K [0x00000000d5580000, 0x00000000fd380000, 0x0000000100000000)
  eden space 565248K, 0% used [0x00000000d5580000,0x00000000d5580000,0x00000000f7d80000)
  from space 9728K, 95% used [0x00000000f7f80000,0x00000000f8892cc0,0x00000000f8900000)
  to   space 44032K, 0% used [0x00000000fa880000,0x00000000fa880000,0x00000000fd380000)
 ParOldGen       total 660992K, used 68159K [0x0000000080000000, 0x00000000a8580000, 0x00000000d5580000)
  object space 660992K, 10% used [0x0000000080000000,0x000000008428ff38,0x00000000a8580000)
 Metaspace       used 144466K, capacity 152638K, committed 153240K, reserved 1183744K
  class space    used 18112K, capacity 19511K, committed 19880K, reserved 1048576K
Event: 7707.103 GC heap after
Heap after GC invocations=78 (full 8):
 PSYoungGen      total 574976K, used 0K [0x00000000d5580000, 0x00000000fd380000, 0x0000000100000000)
  eden space 565248K, 0% used [0x00000000d5580000,0x00000000d5580000,0x00000000f7d80000)
  from space 9728K, 0% used [0x00000000f7f80000,0x00000000f7f80000,0x00000000f8900000)
  to   space 44032K, 0% used [0x00000000fa880000,0x00000000fa880000,0x00000000fd380000)
 ParOldGen       total 660992K, used 70865K [0x0000000080000000, 0x00000000a8580000, 0x00000000d5580000)
  object space 660992K, 10% used [0x0000000080000000,0x00000000845346a8,0x00000000a8580000)
 Metaspace       used 134391K, capacity 142330K, committed 153240K, reserved 1183744K
  class space    used 17024K, capacity 18387K, committed 19880K, reserved 1048576K
}
Event: 10200.756 GC heap before
{Heap before GC invocations=79 (full 8):
 PSYoungGen      total 574976K, used 565248K [0x00000000d5580000, 0x00000000fd380000, 0x0000000100000000)
  eden space 565248K, 100% used [0x00000000d5580000,0x00000000f7d80000,0x00000000f7d80000)
  from space 9728K, 0% used [0x00000000f7f80000,0x00000000f7f80000,0x00000000f8900000)
  to   space 44032K, 0% used [0x00000000fa880000,0x00000000fa880000,0x00000000fd380000)
 ParOldGen       total 660992K, used 70865K [0x0000000080000000, 0x00000000a8580000, 0x00000000d5580000)
  object space 660992K, 10% used [0x0000000080000000,0x00000000845346a8,0x00000000a8580000)
 Metaspace       used 139700K, capacity 147828K, committed 153240K, reserved 1183744K
  class space    used 17569K, capacity 18950K, committed 19880K, reserved 1048576K
Event: 10200.805 GC heap after
Heap after GC invocations=79 (full 8):
 PSYoungGen      total 578560K, used 31154K [0x00000000d5580000, 0x00000000fc700000, 0x0000000100000000)
  eden space 547328K, 0% used [0x00000000d5580000,0x00000000d5580000,0x00000000f6c00000)
  from space 31232K, 99% used [0x00000000fa880000,0x00000000fc6eca80,0x00000000fc700000)
  to   space 46080K, 0% used [0x00000000f6d00000,0x00000000f6d00000,0x00000000f9a00000)
 ParOldGen       total 660992K, used 70873K [0x0000000080000000, 0x00000000a8580000, 0x00000000d5580000)
  object space 660992K, 10% used [0x0000000080000000,0x00000000845366a8,0x00000000a8580000)
 Metaspace       used 139700K, capacity 147828K, committed 153240K, reserved 1183744K
  class space    used 17569K, capacity 18950K, committed 19880K, reserved 1048576K
}

